[debug] [2022-09-26T07:54:37.562Z] ----------------------------------------------------------------------
[debug] [2022-09-26T07:54:37.563Z] Command:       /Users/nothink/.asdf/installs/firebase/11.9.0/bin/firebase /Users/nothink/.cache/firebase/tools/lib/node_modules/firebase-tools/lib/bin/firebase emulators:start
[debug] [2022-09-26T07:54:37.564Z] CLI Version:   11.9.0
[debug] [2022-09-26T07:54:37.564Z] Platform:      darwin
[debug] [2022-09-26T07:54:37.564Z] Node Version:  v16.16.0
[debug] [2022-09-26T07:54:37.565Z] Time:          Mon Sep 26 2022 16:54:37 GMT+0900 (GMT+09:00)
[debug] [2022-09-26T07:54:37.565Z] ----------------------------------------------------------------------
[debug] 
[debug] [2022-09-26T07:54:37.652Z] > command requires scopes: ["email","openid","https://www.googleapis.com/auth/cloudplatformprojects.readonly","https://www.googleapis.com/auth/firebase","https://www.googleapis.com/auth/cloud-platform"]
[debug] [2022-09-26T07:54:37.653Z] > authorizing via signed-in user (gakongakon@gmail.com)
[debug] [2022-09-26T07:54:37.956Z] openjdk version "19" 2022-09-20
OpenJDK Runtime Environment Corretto-19.0.0.36.1 (build 19+36-FR)

[debug] [2022-09-26T07:54:37.960Z] OpenJDK 64-Bit Server VM Corretto-19.0.0.36.1 (build 19+36-FR, mixed mode, sharing)

[debug] [2022-09-26T07:54:37.962Z] Parsed Java major version: 19
[info] i  emulators: Starting emulators: auth, functions, firestore, hosting, storage {"metadata":{"emulator":{"name":"hub"},"message":"Starting emulators: auth, functions, firestore, hosting, storage"}}
[debug] [2022-09-26T07:54:48.245Z] [hub] writing locator at /var/folders/jk/8f2v503n00j89hk7l13mn4yc0000gn/T/hub-seioclub.json
[warn] ⚠  functions: The following emulators are not running, calls to these services from the Functions emulator will affect production: database, pubsub, eventarc {"metadata":{"emulator":{"name":"functions"},"message":"The following emulators are not running, calls to these services from the Functions emulator will affect production: \u001b[1mdatabase, pubsub, eventarc\u001b[22m"}}
[info] ✔  functions: Using node@16 from host. {"metadata":{"emulator":{"name":"functions"},"message":"Using node@16 from host."}}
[debug] [2022-09-26T07:54:48.282Z] defaultcredentials: writing to file /Users/nothink/.config/firebase/gakongakon_gmail_com_application_default_credentials.json
[debug] [2022-09-26T07:54:48.285Z] Setting GAC to /Users/nothink/.config/firebase/gakongakon_gmail_com_application_default_credentials.json {"metadata":{"emulator":{"name":"functions"},"message":"Setting GAC to /Users/nothink/.config/firebase/gakongakon_gmail_com_application_default_credentials.json"}}
[debug] [2022-09-26T07:54:48.286Z] >>> [apiv2][query] GET https://firebase.googleapis.com/v1beta1/projects/seioclub/adminSdkConfig [none]
[debug] [2022-09-26T07:54:48.818Z] <<< [apiv2][status] GET https://firebase.googleapis.com/v1beta1/projects/seioclub/adminSdkConfig 200
[debug] [2022-09-26T07:54:48.819Z] <<< [apiv2][body] GET https://firebase.googleapis.com/v1beta1/projects/seioclub/adminSdkConfig {"projectId":"seioclub","storageBucket":"seioclub.appspot.com","locationId":"asia-northeast1"}
[debug] [2022-09-26T07:54:48.883Z] Ignoring unsupported arg: projectId {"metadata":{"emulator":{"name":"firestore"},"message":"Ignoring unsupported arg: projectId"}}
[debug] [2022-09-26T07:54:48.883Z] Ignoring unsupported arg: auto_download {"metadata":{"emulator":{"name":"firestore"},"message":"Ignoring unsupported arg: auto_download"}}
[debug] [2022-09-26T07:54:48.883Z] Starting Firestore Emulator with command {"binary":"java","args":["-Dgoogle.cloud_firestore.debug_log_level=FINE","-Duser.language=en","-jar","/Users/nothink/.cache/firebase/emulators/cloud-firestore-emulator-v1.14.4.jar","--host","localhost","--port",8080,"--rules","/Users/nothink/Projects/seio.club/firestore.rules","--functions_emulator","localhost:5001"],"optionalArgs":["port","webchannel_port","host","rules","functions_emulator","seed_from_export"],"joinArgs":false} {"metadata":{"emulator":{"name":"firestore"},"message":"Starting Firestore Emulator with command {\"binary\":\"java\",\"args\":[\"-Dgoogle.cloud_firestore.debug_log_level=FINE\",\"-Duser.language=en\",\"-jar\",\"/Users/nothink/.cache/firebase/emulators/cloud-firestore-emulator-v1.14.4.jar\",\"--host\",\"localhost\",\"--port\",8080,\"--rules\",\"/Users/nothink/Projects/seio.club/firestore.rules\",\"--functions_emulator\",\"localhost:5001\"],\"optionalArgs\":[\"port\",\"webchannel_port\",\"host\",\"rules\",\"functions_emulator\",\"seed_from_export\"],\"joinArgs\":false}"}}
[info] i  firestore: Firestore Emulator logging to firestore-debug.log {"metadata":{"emulator":{"name":"firestore"},"message":"Firestore Emulator logging to \u001b[1mfirestore-debug.log\u001b[22m"}}
[debug] [2022-09-26T07:54:49.583Z] Sep 26, 2022 4:54:49 PM com.google.cloud.datastore.emulator.firestore.websocket.WebSocketServer start
INFO: Started WebSocket server on ws://localhost:60541
 {"metadata":{"emulator":{"name":"firestore"},"message":"Sep 26, 2022 4:54:49 PM com.google.cloud.datastore.emulator.firestore.websocket.WebSocketServer start\nINFO: Started WebSocket server on ws://localhost:60541\n"}}
[debug] [2022-09-26T07:54:49.592Z] API endpoint: http:// {"metadata":{"emulator":{"name":"firestore"},"message":"API endpoint: http://"}}
[debug] [2022-09-26T07:54:49.593Z] localhost:8080
If you are using a library that supports the FIRESTORE_EMULATOR_HOST environment variable, run:

   export FIRESTORE_EMULATOR_HOST=localhost:8080

Dev App Server is now running.

 {"metadata":{"emulator":{"name":"firestore"},"message":"localhost:8080\nIf you are using a library that supports the FIRESTORE_EMULATOR_HOST environment variable, run:\n\n   export FIRESTORE_EMULATOR_HOST=localhost:8080\n\nDev App Server is now running.\n\n"}}
[debug] [2022-09-26T07:54:54.572Z] Ignoring unsupported arg: port {"metadata":{"emulator":{"name":"storage"},"message":"Ignoring unsupported arg: port"}}
[debug] [2022-09-26T07:54:55.180Z] Temp file directory for storage emulator: /var/folders/jk/8f2v503n00j89hk7l13mn4yc0000gn/T/firebase/storage/blobs {"metadata":{"emulator":{"name":"storage"},"message":"Temp file directory for storage emulator: /var/folders/jk/8f2v503n00j89hk7l13mn4yc0000gn/T/firebase/storage/blobs"}}
[debug] [2022-09-26T07:54:55.454Z] >>> [apiv2][query] GET https://firebasehosting.googleapis.com/v1beta1/projects/seioclub/sites 
[debug] [2022-09-26T07:54:56.290Z] <<< [apiv2][status] GET https://firebasehosting.googleapis.com/v1beta1/projects/seioclub/sites 200
[debug] [2022-09-26T07:54:56.291Z] <<< [apiv2][body] GET https://firebasehosting.googleapis.com/v1beta1/projects/seioclub/sites {"sites":[{"name":"projects/seioclub/sites/seioclub","defaultUrl":"https://seioclub.web.app","appId":"1:227779203460:web:b3fbd9eca76ccdb71c8dd1","type":"DEFAULT_SITE"}]}
[debug] [2022-09-26T07:54:56.291Z] >>> [apiv2][query] GET https://firebase.googleapis.com/v1beta1/projects/seioclub/webApps/1:227779203460:web:b3fbd9eca76ccdb71c8dd1/config [none]
[debug] [2022-09-26T07:54:57.717Z] <<< [apiv2][status] GET https://firebase.googleapis.com/v1beta1/projects/seioclub/webApps/1:227779203460:web:b3fbd9eca76ccdb71c8dd1/config 200
[debug] [2022-09-26T07:54:57.719Z] <<< [apiv2][body] GET https://firebase.googleapis.com/v1beta1/projects/seioclub/webApps/1:227779203460:web:b3fbd9eca76ccdb71c8dd1/config {"projectId":"seioclub","appId":"1:227779203460:web:b3fbd9eca76ccdb71c8dd1","storageBucket":"seioclub.appspot.com","locationId":"asia-northeast1","apiKey":"AIzaSyA2u4B6zMMpxZ8jJcqQd8EDvClhTEAD_Ro","authDomain":"seioclub.firebaseapp.com","messagingSenderId":"227779203460","measurementId":"G-FS7M9WRV2B"}
[info] i  hosting[seioclub]: Serving hosting files from: .firebase/seioclub/hosting {"metadata":{"emulator":{"name":"hosting"},"message":"Serving hosting files from: \u001b[1m.firebase/seioclub/hosting\u001b[22m"}}
[info] ✔  hosting[seioclub]: Local server: http://localhost:5050 {"metadata":{"emulator":{"name":"hosting"},"message":"Local server: \u001b[4m\u001b[1mhttp://localhost:5050\u001b[22m\u001b[24m"}}
[info] i  ui: downloading ui-v1.9.0.zip... {"metadata":{"emulator":{"name":"ui"},"message":"downloading ui-v1.9.0.zip..."}}
[debug] [2022-09-26T07:54:57.878Z] >>> [apiv2][query] GET https://storage.googleapis.com/firebase-preview-drop/emulator/ui-v1.9.0.zip 
[debug] [2022-09-26T07:54:58.062Z] <<< [apiv2][status] GET https://storage.googleapis.com/firebase-preview-drop/emulator/ui-v1.9.0.zip 200
[debug] [2022-09-26T07:54:58.062Z] <<< [apiv2][body] GET https://storage.googleapis.com/firebase-preview-drop/emulator/ui-v1.9.0.zip [stream]
[debug] [2022-09-26T07:54:58.547Z] Ignoring unsupported arg: auto_download {"metadata":{"emulator":{"name":"ui"},"message":"Ignoring unsupported arg: auto_download"}}
[debug] [2022-09-26T07:54:58.548Z] Ignoring unsupported arg: port {"metadata":{"emulator":{"name":"ui"},"message":"Ignoring unsupported arg: port"}}
[debug] [2022-09-26T07:54:58.548Z] Starting Emulator UI with command {"binary":"node","args":["/Users/nothink/.cache/firebase/emulators/ui-v1.9.0/server/server.js"],"optionalArgs":[],"joinArgs":false} {"metadata":{"emulator":{"name":"ui"},"message":"Starting Emulator UI with command {\"binary\":\"node\",\"args\":[\"/Users/nothink/.cache/firebase/emulators/ui-v1.9.0/server/server.js\"],\"optionalArgs\":[],\"joinArgs\":false}"}}
[info] i  ui: Emulator UI logging to ui-debug.log {"metadata":{"emulator":{"name":"ui"},"message":"Emulator UI logging to \u001b[1mui-debug.log\u001b[22m"}}
[debug] [2022-09-26T07:54:58.708Z] Web / API server started at localhost:4000
 {"metadata":{"emulator":{"name":"ui"},"message":"Web / API server started at localhost:4000\n"}}
[info] i  functions: Watching "/Users/nothink/Projects/seio.club/functions" for Cloud Functions... {"metadata":{"emulator":{"name":"functions"},"message":"Watching \"/Users/nothink/Projects/seio.club/functions\" for Cloud Functions..."}}
[debug] [2022-09-26T07:54:58.841Z] Validating nodejs source
[debug] [2022-09-26T07:55:00.249Z] > [functions] package.json contents: {
  "name": "functions",
  "description": "Cloud Functions for Firebase",
  "scripts": {
    "lint": "eslint .",
    "serve": "firebase emulators:start --only functions",
    "shell": "firebase functions:shell",
    "start": "npm run shell",
    "deploy": "firebase deploy --only functions",
    "logs": "firebase functions:log"
  },
  "packageManager": "pnpm@7.12.2",
  "engines": {
    "node": "16",
    "pnpm": ">=7"
  },
  "main": "index.js",
  "dependencies": {
    "firebase-admin": "^10.0.2",
    "firebase-functions": "^3.18.0"
  },
  "devDependencies": {
    "eslint": "^8.9.0",
    "eslint-config-google": "^0.14.0",
    "firebase-functions-test": "^0.2.0"
  },
  "private": true
}
[debug] [2022-09-26T07:55:00.249Z] Building nodejs source
[debug] [2022-09-26T07:55:00.249Z] Analyzing nodejs backend spec
[debug] [2022-09-26T07:55:00.259Z] Could not find functions.yaml. Must use http discovery
[debug] [2022-09-26T07:55:01.062Z] Serving at port 9005

[debug] [2022-09-26T07:55:01.110Z] Got response from /__/functions.yaml {"endpoints":{"addMessage":{"platform":"gcfv1","httpsTrigger":{},"entryPoint":"addMessage"},"makeUppercase":{"platform":"gcfv1","eventTrigger":{"eventType":"providers/cloud.firestore/eventTypes/document.create","eventFilters":{"resource":"projects/seioclub/databases/(default)/documents/messages/{documentId}"},"retry":false},"labels":{},"entryPoint":"makeUppercase"}},"specVersion":"v1alpha1","requiredAPIs":[]}
[debug] [2022-09-26T07:55:01.126Z] shutdown requested via /__/quitquitquit

[info] ✔  functions: Loaded functions definitions from source: addMessage, makeUppercase. {"metadata":{"emulator":{"name":"functions"},"message":"Loaded functions definitions from source: addMessage, makeUppercase."}}
[info] ✔  functions[us-central1-addMessage]: http function initialized (http://localhost:5001/seioclub/us-central1/addMessage). {"metadata":{"emulator":{"name":"functions"},"message":"\u001b[1mhttp\u001b[22m function initialized (http://localhost:5001/seioclub/us-central1/addMessage)."}}
[debug] [2022-09-26T07:55:01.139Z] addFirestoreTrigger "{\"eventTrigger\":{\"eventType\":\"providers/cloud.firestore/eventTypes/document.create\",\"resource\":\"projects/seioclub/databases/(default)/documents/messages/{documentId}\",\"service\":\"firestore.googleapis.com\"}}"
[debug] [2022-09-26T07:55:01.139Z] >>> [apiv2][query] PUT http://localhost:8080/emulator/v1/projects/seioclub/triggers/us-central1-makeUppercase-0 [none]
[debug] [2022-09-26T07:55:01.140Z] >>> [apiv2][body] PUT http://localhost:8080/emulator/v1/projects/seioclub/triggers/us-central1-makeUppercase-0 "{\"eventTrigger\":{\"eventType\":\"providers/cloud.firestore/eventTypes/document.create\",\"resource\":\"projects/seioclub/databases/(default)/documents/messages/{documentId}\",\"service\":\"firestore.googleapis.com\"}}"
[debug] [2022-09-26T07:55:01.145Z] Sep 26, 2022 4:55:01 PM io.gapi.emulators.netty.HttpVersionRoutingHandler channelRead
INFO: Detected non-HTTP/2 connection.
 {"metadata":{"emulator":{"name":"firestore"},"message":"Sep 26, 2022 4:55:01 PM io.gapi.emulators.netty.HttpVersionRoutingHandler channelRead\nINFO: Detected non-HTTP/2 connection.\n"}}
[debug] [2022-09-26T07:55:01.215Z] Sep 26, 2022 4:55:01 PM io.gapi.emulators.netty.HttpVersionRoutingHandler channelRead
INFO: Detected HTTP/2 connection.
 {"metadata":{"emulator":{"name":"firestore"},"message":"Sep 26, 2022 4:55:01 PM io.gapi.emulators.netty.HttpVersionRoutingHandler channelRead\nINFO: Detected HTTP/2 connection.\n"}}
[debug] [2022-09-26T07:55:01.395Z] <<< [apiv2][status] PUT http://localhost:8080/emulator/v1/projects/seioclub/triggers/us-central1-makeUppercase-0 200
[debug] [2022-09-26T07:55:01.395Z] <<< [apiv2][body] PUT http://localhost:8080/emulator/v1/projects/seioclub/triggers/us-central1-makeUppercase-0 {}
[info] ✔  functions[us-central1-makeUppercase]: firestore function initialized. {"metadata":{"emulator":{"name":"functions"},"message":"\u001b[1mfirestore\u001b[22m function initialized."}}
[info] 
┌─────────────────────────────────────────────────────────────┐
│ ✔  All emulators ready! It is now safe to connect your app. │
│ i  View Emulator UI at http://localhost:4000                │
└─────────────────────────────────────────────────────────────┘

┌────────────────┬────────────────┬─────────────────────────────────┐
│ Emulator       │ Host:Port      │ View in Emulator UI             │
├────────────────┼────────────────┼─────────────────────────────────┤
│ Authentication │ localhost:9099 │ http://localhost:4000/auth      │
├────────────────┼────────────────┼─────────────────────────────────┤
│ Functions      │ localhost:5001 │ http://localhost:4000/functions │
├────────────────┼────────────────┼─────────────────────────────────┤
│ Firestore      │ localhost:8080 │ http://localhost:4000/firestore │
├────────────────┼────────────────┼─────────────────────────────────┤
│ Hosting        │ localhost:5050 │ n/a                             │
├────────────────┼────────────────┼─────────────────────────────────┤
│ Storage        │ localhost:9199 │ http://localhost:4000/storage   │
└────────────────┴────────────────┴─────────────────────────────────┘
  Emulator Hub running at localhost:4400
  Other reserved ports: 4500

Issues? Report them at https://github.com/firebase/firebase-tools/issues and attach the *-debug.log files.
 
[debug] [2022-09-26T07:55:12.676Z] Sep 26, 2022 4:55:12 PM io.gapi.emulators.netty.HttpVersionRoutingHandler channelRead
INFO: Detected non-HTTP/2 connection.
 {"metadata":{"emulator":{"name":"firestore"},"message":"Sep 26, 2022 4:55:12 PM io.gapi.emulators.netty.HttpVersionRoutingHandler channelRead\nINFO: Detected non-HTTP/2 connection.\n"}}
[debug] [2022-09-26T07:55:12.705Z] Sep 26, 2022 4:55:12 PM io.gapi.emulators.netty.HttpVersionRoutingHandler channelRead
INFO: Detected non-HTTP/2 connection.
 {"metadata":{"emulator":{"name":"firestore"},"message":"Sep 26, 2022 4:55:12 PM io.gapi.emulators.netty.HttpVersionRoutingHandler channelRead\nINFO: Detected non-HTTP/2 connection.\n"}}
[debug] [2022-09-26T07:55:12.719Z] Sep 26, 2022 4:55:12 PM com.google.cloud.datastore.emulator.firestore.websocket.WebSocketChannelHandler initChannel
INFO: Connected to new websocket client
 {"metadata":{"emulator":{"name":"firestore"},"message":"Sep 26, 2022 4:55:12 PM com.google.cloud.datastore.emulator.firestore.websocket.WebSocketChannelHandler initChannel\nINFO: Connected to new websocket client\n"}}
[debug] [2022-09-26T07:55:12.734Z] Sep 26, 2022 4:55:12 PM io.gapi.emulators.netty.HttpVersionRoutingHandler channelRead
INFO: Detected non-HTTP/2 connection.
 {"metadata":{"emulator":{"name":"firestore"},"message":"Sep 26, 2022 4:55:12 PM io.gapi.emulators.netty.HttpVersionRoutingHandler channelRead\nINFO: Detected non-HTTP/2 connection.\n"}}
[debug] [2022-09-26T07:55:12.765Z] Sep 26, 2022 4:55:12 PM io.gapi.emulators.netty.HttpVersionRoutingHandler channelRead
INFO: Detected non-HTTP/2 connection.
 {"metadata":{"emulator":{"name":"firestore"},"message":"Sep 26, 2022 4:55:12 PM io.gapi.emulators.netty.HttpVersionRoutingHandler channelRead\nINFO: Detected non-HTTP/2 connection.\n"}}
[debug] [2022-09-26T07:55:16.713Z] Sep 26, 2022 4:55:16 PM io.gapi.emulators.netty.HttpVersionRoutingHandler channelRead
INFO: Detected non-HTTP/2 connection.
 {"metadata":{"emulator":{"name":"firestore"},"message":"Sep 26, 2022 4:55:16 PM io.gapi.emulators.netty.HttpVersionRoutingHandler channelRead\nINFO: Detected non-HTTP/2 connection.\n"}}
[debug] [2022-09-26T07:55:18.774Z] Sep 26, 2022 4:55:18 PM io.gapi.emulators.netty.HttpVersionRoutingHandler channelRead
INFO: Detected non-HTTP/2 connection.
 {"metadata":{"emulator":{"name":"firestore"},"message":"Sep 26, 2022 4:55:18 PM io.gapi.emulators.netty.HttpVersionRoutingHandler channelRead\nINFO: Detected non-HTTP/2 connection.\n"}}
[debug] [2022-09-26T07:55:20.825Z] Sep 26, 2022 4:55:20 PM io.gapi.emulators.netty.HttpVersionRoutingHandler channelRead
INFO: Detected non-HTTP/2 connection.
 {"metadata":{"emulator":{"name":"firestore"},"message":"Sep 26, 2022 4:55:20 PM io.gapi.emulators.netty.HttpVersionRoutingHandler channelRead\nINFO: Detected non-HTTP/2 connection.\n"}}
[debug] [2022-09-26T07:55:22.881Z] Sep 26, 2022 4:55:22 PM io.gapi.emulators.netty.HttpVersionRoutingHandler channelRead
INFO: Detected non-HTTP/2 connection.
 {"metadata":{"emulator":{"name":"firestore"},"message":"Sep 26, 2022 4:55:22 PM io.gapi.emulators.netty.HttpVersionRoutingHandler channelRead\nINFO: Detected non-HTTP/2 connection.\n"}}
[debug] [2022-09-26T07:55:23.381Z] Sep 26, 2022 4:55:23 PM com.google.cloud.datastore.emulator.firestore.websocket.WebSocketChannelHandler channelClosed
INFO: Websocket client disconnected
 {"metadata":{"emulator":{"name":"firestore"},"message":"Sep 26, 2022 4:55:23 PM com.google.cloud.datastore.emulator.firestore.websocket.WebSocketChannelHandler channelClosed\nINFO: Websocket client disconnected\n"}}
