AdoptOpenJDK: https://adoptopenjdk.net/
  adoptopenjdk-11.0.15+10
  adoptopenjdk-11.0.16+8
  adoptopenjdk-11.0.16+101
  adoptopenjdk-17.0.0+35
  adoptopenjdk-17.0.1+12
  adoptopenjdk-17.0.2+8
  adoptopenjdk-17.0.3+7
  adoptopenjdk-17.0.4+8
  adoptopenjdk-17.0.4+101
  adoptopenjdk-18.0.0+36
  adoptopenjdk-18.0.1+10
  adoptopenjdk-18.0.2+9
  adoptopenjdk-18.0.2+101
  adoptopenjdk-19.0.0-beta+36.0.202208190932
  adoptopenjdk-jre-11.0.15+10
  adoptopenjdk-jre-11.0.16+8
  adoptopenjdk-jre-11.0.16+101
  adoptopenjdk-jre-17.0.1+12
  adoptopenjdk-jre-17.0.2+8
  adoptopenjdk-jre-17.0.3+7
  adoptopenjdk-jre-17.0.4+8
  adoptopenjdk-jre-17.0.4+101
  adoptopenjdk-jre-18.0.1+10
  adoptopenjdk-jre-18.0.2+9
  adoptopenjdk-jre-18.0.2+101
  adoptopenjdk-jre-19.0.0-beta+36.0.202208190932

Amazon Corretto: https://aws.amazon.com/jp/corretto/
  corretto-8.322.06.4
  corretto-8.332.08.1
  corretto-8.342.07.1
  corretto-8.342.07.3
  corretto-11.0.15.9.1
  corretto-11.0.16.8.1
  corretto-11.0.16.8.3
  corretto-11.0.16.9.1
  corretto-17.0.0.35.1
  corretto-17.0.0.35.2
  corretto-17.0.1.12.1
  corretto-17.0.2.8.1
  corretto-17.0.3.6.1
  corretto-17.0.4.8.1
  corretto-17.0.4.9.1
  corretto-18.0.0.35.1
  corretto-18.0.0.37.1
  corretto-18.0.1.10.1
  corretto-18.0.2.9.1
  corretto-19.0.0.36.1

GraalVM: https://www.graalvm.org/
  graalvm-22.1.0+java11
  graalvm-22.1.0+java17
  graalvm-22.2.0+java11
  graalvm-22.2.0+java17

Kona: https://openjdk.org/projects/kona/
  kona-17.0.4.b1
  kona-17.0.4.b2

Belsoft Liberica JDK: https://bell-sw.com/pages/libericajdk/
  liberica-8u282+8
  liberica-8u292+10
  liberica-8u292+11
  liberica-8u302+8
  liberica-8u312+7
  liberica-8u322+6
  liberica-8u332+9
  liberica-8u333+2
  liberica-8u342+7
  liberica-8u345+1
  liberica-11.0.10+9
  liberica-11.0.11+9
  liberica-11.0.11+10
  liberica-11.0.12+7
  liberica-11.0.13+8
  liberica-11.0.14+9
  liberica-11.0.14.1+1
  liberica-11.0.15+10
  liberica-11.0.15.1+2
  liberica-11.0.16+8
  liberica-11.0.16.1+1
  liberica-15.0.2+8
  liberica-15.0.2+10
  liberica-16+36
  liberica-16.0.1+9
  liberica-16.0.1+10
  liberica-16.0.2+7
  liberica-17+35
  liberica-17.0.1+12
  liberica-17.0.2+9
  liberica-17.0.3+7
  liberica-17.0.3.1+2
  liberica-17.0.4+8
  liberica-17.0.4.1+1
  liberica-18+37
  liberica-18.0.1+12
  liberica-18.0.1.1+2
  liberica-18.0.2+10
  liberica-18.0.2.1+1
  liberica-19+37
  liberica-javafx-8u282+8
  liberica-javafx-8u292+10
  liberica-javafx-8u292+11
  liberica-javafx-8u302+8
  liberica-javafx-8u312+7
  liberica-javafx-8u322+6
  liberica-javafx-8u332+9
  liberica-javafx-8u333+2
  liberica-javafx-8u342+7
  liberica-javafx-8u345+1
  liberica-javafx-11.0.10+9
  liberica-javafx-11.0.11+9
  liberica-javafx-11.0.11+10
  liberica-javafx-11.0.12+7
  liberica-javafx-11.0.13+8
  liberica-javafx-11.0.14+9
  liberica-javafx-11.0.14.1+1
  liberica-javafx-11.0.15+10
  liberica-javafx-11.0.15.1+2
  liberica-javafx-11.0.16+8
  liberica-javafx-11.0.16.1+1
  liberica-javafx-15.0.2+8
  liberica-javafx-15.0.2+10
  liberica-javafx-16+36
  liberica-javafx-16.0.1+9
  liberica-javafx-16.0.1+10
  liberica-javafx-16.0.2+7
  liberica-javafx-17+35
  liberica-javafx-17.0.1+12
  liberica-javafx-17.0.2+9
  liberica-javafx-17.0.3+7
  liberica-javafx-17.0.3.1+2
  liberica-javafx-17.0.4+8
  liberica-javafx-17.0.4.1+1
  liberica-javafx-18+37
  liberica-javafx-18.0.1+12
  liberica-javafx-18.0.1.1+2
  liberica-javafx-18.0.2+10
  liberica-javafx-18.0.2.1+1
  liberica-javafx-19+37
  liberica-jre-8u282+8
  liberica-jre-8u292+10
  liberica-jre-8u292+11
  liberica-jre-8u302+8
  liberica-jre-8u312+7
  liberica-jre-8u322+6
  liberica-jre-8u332+9
  liberica-jre-8u333+2
  liberica-jre-8u342+7
  liberica-jre-8u345+1
  liberica-jre-11.0.10+9
  liberica-jre-11.0.11+9
  liberica-jre-11.0.11+10
  liberica-jre-11.0.12+7
  liberica-jre-11.0.13+8
  liberica-jre-11.0.14+9
  liberica-jre-11.0.14.1+1
  liberica-jre-11.0.15+10
  liberica-jre-11.0.15.1+2
  liberica-jre-11.0.16+8
  liberica-jre-11.0.16.1+1
  liberica-jre-15.0.2+8
  liberica-jre-15.0.2+10
  liberica-jre-16+36
  liberica-jre-16.0.1+9
  liberica-jre-16.0.1+10
  liberica-jre-16.0.2+7
  liberica-jre-17+35
  liberica-jre-17.0.1+12
  liberica-jre-17.0.2+9
  liberica-jre-17.0.3+7
  liberica-jre-17.0.3.1+2
  liberica-jre-17.0.4+8
  liberica-jre-17.0.4.1+1
  liberica-jre-18+37
  liberica-jre-18.0.1+12
  liberica-jre-18.0.1.1+2
  liberica-jre-18.0.2+10
  liberica-jre-18.0.2.1+1
  liberica-jre-19+37
  liberica-jre-javafx-8u282+8
  liberica-jre-javafx-8u292+10
  liberica-jre-javafx-8u292+11
  liberica-jre-javafx-8u302+8
  liberica-jre-javafx-8u312+7
  liberica-jre-javafx-8u322+6
  liberica-jre-javafx-8u332+9
  liberica-jre-javafx-8u333+2
  liberica-jre-javafx-8u342+7
  liberica-jre-javafx-8u345+1
  liberica-jre-javafx-11.0.10+9
  liberica-jre-javafx-11.0.11+9
  liberica-jre-javafx-11.0.11+10
  liberica-jre-javafx-11.0.12+7
  liberica-jre-javafx-11.0.13+8
  liberica-jre-javafx-11.0.14+9
  liberica-jre-javafx-11.0.14.1+1
  liberica-jre-javafx-11.0.15+10
  liberica-jre-javafx-11.0.15.1+2
  liberica-jre-javafx-11.0.16+8
  liberica-jre-javafx-11.0.16.1+1
  liberica-jre-javafx-15.0.2+8
  liberica-jre-javafx-15.0.2+10
  liberica-jre-javafx-16+36
  liberica-jre-javafx-16.0.1+9
  liberica-jre-javafx-16.0.1+10
  liberica-jre-javafx-16.0.2+7
  liberica-jre-javafx-17+35
  liberica-jre-javafx-17.0.1+12
  liberica-jre-javafx-17.0.2+9
  liberica-jre-javafx-17.0.3+7
  liberica-jre-javafx-17.0.3.1+2
  liberica-jre-javafx-17.0.4+8
  liberica-jre-javafx-17.0.4.1+1
  liberica-jre-javafx-18+37
  liberica-jre-javafx-18.0.1+12
  liberica-jre-javafx-18.0.1.1+2
  liberica-jre-javafx-18.0.2+10
  liberica-jre-javafx-18.0.2.1+1
  liberica-jre-javafx-19+37
  liberica-lite-8u302+8
  liberica-lite-8u312+7
  liberica-lite-8u322+6
  liberica-lite-8u332+9
  liberica-lite-8u333+2
  liberica-lite-8u342+7
  liberica-lite-8u345+1
  liberica-lite-11.0.10+9
  liberica-lite-11.0.11+9
  liberica-lite-11.0.11+10
  liberica-lite-11.0.12+7
  liberica-lite-11.0.13+8
  liberica-lite-11.0.14+9
  liberica-lite-11.0.14.1+1
  liberica-lite-11.0.15+10
  liberica-lite-11.0.15.1+2
  liberica-lite-11.0.16+8
  liberica-lite-11.0.16.1+1
  liberica-lite-15.0.2+8
  liberica-lite-15.0.2+10
  liberica-lite-16+36
  liberica-lite-16.0.1+9
  liberica-lite-16.0.1+10
  liberica-lite-16.0.2+7
  liberica-lite-17+35
  liberica-lite-17.0.1+12
  liberica-lite-17.0.2+9
  liberica-lite-17.0.3+7
  liberica-lite-17.0.3.1+2
  liberica-lite-17.0.4+8
  liberica-lite-17.0.4.1+1
  liberica-lite-18+37
  liberica-lite-18.0.1+12
  liberica-lite-18.0.1.1+2
  liberica-lite-18.0.2+10
  liberica-lite-18.0.2.1+1
  liberica-lite-19+37

Microsoft Build of OpenJDK: https://learn.microsoft.com/ja-jp/java/openjdk/
  microsoft-11.0.14.9.1
  microsoft-11.0.15
  microsoft-11.0.16
  microsoft-11.0.16.1
  microsoft-16.0.2.7.1
  microsoft-17.0.1.12.1
  microsoft-17.0.2.8.1
  microsoft-17.0.3
  microsoft-17.0.4
  microsoft-17.0.4.1
  microsoft-17.35.1

OpenJDK: https://openjdk.org/
  openjdk-17
  openjdk-17.0.1
  openjdk-17.0.2
  openjdk-18
  openjdk-18.0.1
  openjdk-18.0.1.1
  openjdk-18.0.2
  openjdk-18.0.2.1
  openjdk-19

Oracle Java: https://www.oracle.com/java/
  oracle-17
  oracle-17.0.1
  oracle-17.0.2
  oracle-17.0.3
  oracle-17.0.3.1
  oracle-17.0.4
  oracle-17.0.4.1
  oracle-18
  oracle-18.0.1
  oracle-18.0.1.1
  oracle-18.0.2
  oracle-18.0.2.1
  oracle-19

SapMachine: https://sap.github.io/SapMachine/
  sapmachine-11.0.16
  sapmachine-11.0.16.1
  sapmachine-17
  sapmachine-17.0.1
  sapmachine-17.0.2
  sapmachine-17.0.3
  sapmachine-17.0.3.0.1
  sapmachine-17.0.4
  sapmachine-17.0.4-snapshot.0
  sapmachine-17.0.4.1
  sapmachine-18
  sapmachine-18-internal.0
  sapmachine-18.0.1
  sapmachine-18.0.1.1
  sapmachine-18.0.2
  sapmachine-18.0.2.1
  sapmachine-19
  sapmachine-19-snapshot
  sapmachine-jre-11.0.16
  sapmachine-jre-11.0.16.1
  sapmachine-jre-17
  sapmachine-jre-17.0.1
  sapmachine-jre-17.0.2
  sapmachine-jre-17.0.3
  sapmachine-jre-17.0.3.0.1
  sapmachine-jre-17.0.4
  sapmachine-jre-17.0.4-snapshot.0
  sapmachine-jre-17.0.4.1
  sapmachine-jre-18
  sapmachine-jre-18-internal.0
  sapmachine-jre-18.0.1
  sapmachine-jre-18.0.1.1
  sapmachine-jre-18.0.2
  sapmachine-jre-18.0.2.1
  sapmachine-jre-19
  sapmachine-jre-19-snapshot

IBM Semeru Runtimes: https://developer.ibm.com/languages/java/semeru-runtimes/
  semeru-jre-openj9-11.0.15+10_openj9-0.32.0
  semeru-jre-openj9-11.0.16+8_openj9-0.33.0
  semeru-jre-openj9-11.0.16.1+1_openj9-0.33.1
  semeru-jre-openj9-17.0.3+7_openj9-0.32.0
  semeru-jre-openj9-17.0.4+8_openj9-0.33.0
  semeru-jre-openj9-17.0.4.1+1_openj9-0.33.1
  semeru-openj9-11.0.15+10_openj9-0.32.0
  semeru-openj9-11.0.16+8_openj9-0.33.0
  semeru-openj9-11.0.16.1+1_openj9-0.33.1
  semeru-openj9-17.0.3+7_openj9-0.32.0
  semeru-openj9-17.0.4+8_openj9-0.33.0
  semeru-openj9-17.0.4.1+1_openj9-0.33.1

Temurin: https://adoptium.net/
  temurin-11.0.15+10
  temurin-11.0.16+8
  temurin-11.0.16+101
  temurin-17.0.0+35
  temurin-17.0.1+12
  temurin-17.0.2+8
  temurin-17.0.3+7
  temurin-17.0.4+8
  temurin-17.0.4+101
  temurin-18.0.0+36
  temurin-18.0.1+10
  temurin-18.0.2+9
  temurin-18.0.2+101
  temurin-19.0.0-beta+36.0.202208190932
  temurin-jre-11.0.15+10
  temurin-jre-11.0.16+8
  temurin-jre-11.0.16+101
  temurin-jre-17.0.1+12
  temurin-jre-17.0.2+8
  temurin-jre-17.0.3+7
  temurin-jre-17.0.4+8
  temurin-jre-17.0.4+101
  temurin-jre-18.0.1+10
  temurin-jre-18.0.2+9
  temurin-jre-18.0.2+101
  temurin-jre-19.0.0-beta+36.0.202208190932

Azul JDK Zulu: https://www.azul.com/ja/core/
  zulu-8.52.0.23
  zulu-8.54.0.21
  zulu-8.56.0.23
  zulu-8.58.0.13
  zulu-8.60.0.21
  zulu-8.62.0.19
  zulu-8.62.0.19_1
  zulu-8.64.0.15
  zulu-8.64.0.19
  zulu-11.43.1017
  zulu-11.43.1021
  zulu-11.45.27
  zulu-11.48.21
  zulu-11.50.19
  zulu-11.52.13
  zulu-11.54.23
  zulu-11.54.25
  zulu-11.56.19
  zulu-11.58.15
  zulu-11.58.23
  zulu-13.35.1019
  zulu-13.35.1025
  zulu-13.37.21
  zulu-13.40.15
  zulu-13.42.17
  zulu-13.44.13
  zulu-13.46.15
  zulu-13.48.19
  zulu-13.48.19_1
  zulu-13.50.15
  zulu-15.28.1013
  zulu-15.29.15
  zulu-15.32.15
  zulu-15.34.17
  zulu-15.36.13
  zulu-15.38.17
  zulu-15.40.19
  zulu-15.40.19_1
  zulu-15.42.15
  zulu-16.28.11
  zulu-16.30.15
  zulu-16.30.19
  zulu-16.32.15
  zulu-17.28.13
  zulu-17.30.15
  zulu-17.32.13
  zulu-17.34.19
  zulu-17.34.19_1
  zulu-17.36.13
  zulu-17.36.17
  zulu-18.28.13
  zulu-18.30.11
  zulu-18.32.11
  zulu-18.32.13
  zulu-19.28.81
  zulu-javafx-8.52.0.23
  zulu-javafx-8.54.0.21
  zulu-javafx-8.56.0.23
  zulu-javafx-8.58.0.13
  zulu-javafx-8.58.0.53
  zulu-javafx-8.60.0.21
  zulu-javafx-8.62.0.19
  zulu-javafx-8.64.0.15
  zulu-javafx-8.64.0.19
  zulu-javafx-11.45.27
  zulu-javafx-11.48.21
  zulu-javafx-11.50.19
  zulu-javafx-11.52.13
  zulu-javafx-11.52.51
  zulu-javafx-11.54.23
  zulu-javafx-11.54.25
  zulu-javafx-11.56.19
  zulu-javafx-11.58.15
  zulu-javafx-11.58.23
  zulu-javafx-13.37.21
  zulu-javafx-13.40.15
  zulu-javafx-13.42.17
  zulu-javafx-13.44.13
  zulu-javafx-13.44.51
  zulu-javafx-13.46.15
  zulu-javafx-13.48.19
  zulu-javafx-13.50.15
  zulu-javafx-15.29.15
  zulu-javafx-15.32.15
  zulu-javafx-15.34.17
  zulu-javafx-15.36.13
  zulu-javafx-15.36.51
  zulu-javafx-15.38.17
  zulu-javafx-15.40.19
  zulu-javafx-15.42.15
  zulu-javafx-16.30.15
  zulu-javafx-16.30.19
  zulu-javafx-16.32.15
  zulu-javafx-17.28.13
  zulu-javafx-17.30.15
  zulu-javafx-17.30.51
  zulu-javafx-17.32.13
  zulu-javafx-17.34.19
  zulu-javafx-17.36.13
  zulu-javafx-17.36.17
  zulu-javafx-18.28.13
  zulu-javafx-18.30.11
  zulu-javafx-18.32.11
  zulu-javafx-18.32.13
  zulu-javafx-19.28.81
  zulu-jre-8.52.0.23
  zulu-jre-8.54.0.21
  zulu-jre-8.56.0.23
  zulu-jre-8.58.0.13
  zulu-jre-8.60.0.21
  zulu-jre-8.62.0.19
  zulu-jre-8.64.0.15
  zulu-jre-8.64.0.19
  zulu-jre-11.45.27
  zulu-jre-11.48.21
  zulu-jre-11.50.19
  zulu-jre-11.52.13
  zulu-jre-11.54.23
  zulu-jre-11.54.25
  zulu-jre-11.56.19
  zulu-jre-11.58.15
  zulu-jre-11.58.23
  zulu-jre-13.37.21
  zulu-jre-13.40.15
  zulu-jre-13.42.17
  zulu-jre-13.44.13
  zulu-jre-13.46.15
  zulu-jre-13.48.19
  zulu-jre-13.50.15
  zulu-jre-15.29.15
  zulu-jre-15.32.15
  zulu-jre-15.34.17
  zulu-jre-15.36.13
  zulu-jre-15.38.17
  zulu-jre-15.40.19
  zulu-jre-15.42.15
  zulu-jre-16.28.11
  zulu-jre-16.30.15
  zulu-jre-16.30.19
  zulu-jre-16.32.15
  zulu-jre-17.28.13
  zulu-jre-17.30.15
  zulu-jre-17.32.13
  zulu-jre-17.34.19
  zulu-jre-17.36.13
  zulu-jre-17.36.17
  zulu-jre-18.28.13
  zulu-jre-18.30.11
  zulu-jre-18.32.11
  zulu-jre-18.32.13
  zulu-jre-19.28.81
  zulu-jre-javafx-8.52.0.23
  zulu-jre-javafx-8.54.0.21
  zulu-jre-javafx-8.56.0.23
  zulu-jre-javafx-8.58.0.13
  zulu-jre-javafx-8.58.0.53
  zulu-jre-javafx-8.60.0.21
  zulu-jre-javafx-8.62.0.19
  zulu-jre-javafx-8.64.0.15
  zulu-jre-javafx-8.64.0.19
  zulu-jre-javafx-11.45.27
  zulu-jre-javafx-11.48.21
  zulu-jre-javafx-11.50.19
  zulu-jre-javafx-11.52.13
  zulu-jre-javafx-11.52.51
  zulu-jre-javafx-11.54.23
  zulu-jre-javafx-11.54.25
  zulu-jre-javafx-11.56.19
  zulu-jre-javafx-11.58.15
  zulu-jre-javafx-11.58.23
  zulu-jre-javafx-13.37.21
  zulu-jre-javafx-13.40.15
  zulu-jre-javafx-13.42.17
  zulu-jre-javafx-13.44.13
  zulu-jre-javafx-13.44.51
  zulu-jre-javafx-13.46.15
  zulu-jre-javafx-13.48.19
  zulu-jre-javafx-13.50.15
  zulu-jre-javafx-15.29.15
  zulu-jre-javafx-15.32.15
  zulu-jre-javafx-15.34.17
  zulu-jre-javafx-15.36.13
  zulu-jre-javafx-15.36.51
  zulu-jre-javafx-15.38.17
  zulu-jre-javafx-15.40.19
  zulu-jre-javafx-15.42.15
  zulu-jre-javafx-17.28.13
  zulu-jre-javafx-17.30.15
  zulu-jre-javafx-17.30.51
  zulu-jre-javafx-17.32.13
  zulu-jre-javafx-17.34.19
  zulu-jre-javafx-17.36.13
  zulu-jre-javafx-17.36.17
  zulu-jre-javafx-18.28.13
  zulu-jre-javafx-18.30.11
  zulu-jre-javafx-18.32.11
  zulu-jre-javafx-18.32.13
  zulu-jre-javafx-19.28.81
